<?xml version="1.0" encoding="UTF-8"?>
<testng-results ignored="1" total="2" passed="1" failed="0" skipped="0">
  <reporter-output>
  </reporter-output>
  <suite started-at="2025-05-30T17:18:30 IST" name="Default suite" finished-at="2025-05-30T17:18:41 IST" duration-ms="11677">
    <groups>
    </groups>
    <test started-at="2025-05-30T17:18:30 IST" name="Default test" finished-at="2025-05-30T17:18:41 IST" duration-ms="11677">
      <class name="webelements.Actions_class">
        <test-method signature="pract02()[pri:0, instance:webelements.Actions_class@1530c739]" started-at="2025-05-30T17:18:30 IST" name="pract02" finished-at="2025-05-30T17:18:41 IST" duration-ms="11597" status="PASS">
          <reporter-output>
          </reporter-output>
        </test-method> <!-- pract02 -->
      </class> <!-- webelements.Actions_class -->
    </test> <!-- Default test -->
  </suite> <!-- Default suite -->
</testng-results>
